Unity Editor version:    2020.3.25f1 (9b9180224418)
Branch:                  2020.3/staging
Build type:              Release
Batch mode:              YES
macOS version:           Version 14.5 (Build 23F79)
Darwin version:          23.5.0
Architecture:            x86_64
Running under Rosetta:   YES
Available memory:        8192 MB
Using pre-set license
Pro License: NO

COMMAND LINE ARGUMENTS:
/Applications/Unity/Hub/Editor/2020.3.25f1/Unity.app/Contents/MacOS/Unity
-adb2
-batchMode
-noUpm
-name
AssetImportWorker0
-projectPath
/Users/juliastolova/Documents/Programming/FlappyLcs
-logFile
Logs/AssetImportWorker0.log
-srvPort
51911
Successfully changed project path to: /Users/juliastolova/Documents/Programming/FlappyLcs
/Users/juliastolova/Documents/Programming/FlappyLcs
Using Asset Import Pipeline V2.
Refreshing native plugins compatible for Editor in 156.33 ms, found 3 plugins.
Preloading 0 native plugins for Editor in 0.00 ms.
Initialize engine version: 2020.3.25f1 (9b9180224418)
[Subsystems] Discovering subsystems at path /Applications/Unity/Hub/Editor/2020.3.25f1/Unity.app/Contents/Resources/UnitySubsystems
[Subsystems] Discovering subsystems at path /Users/juliastolova/Documents/Programming/FlappyLcs/Assets
GfxDevice: creating device client; threaded=0
2024-11-12 18:04:02.297 Unity[93132:2682615] (null) preferred device: Apple M1 (high power)
2024-11-12 18:04:02.297 Unity[93132:2682615] Metal devices available: 1
2024-11-12 18:04:02.297 Unity[93132:2682615] 0: Apple M1 (high power)
2024-11-12 18:04:02.298 Unity[93132:2682615] Using device Apple M1 (high power)
Initializing Metal device caps: Apple M1
Initialize mono
Mono path[0] = '/Applications/Unity/Hub/Editor/2020.3.25f1/Unity.app/Contents/Managed'
Mono path[1] = '/Applications/Unity/Hub/Editor/2020.3.25f1/Unity.app/Contents/MonoBleedingEdge/lib/mono/unityjit'
Mono config path = '/Applications/Unity/Hub/Editor/2020.3.25f1/Unity.app/Contents/MonoBleedingEdge/etc'
Using monoOptions --debugger-agent=transport=dt_socket,embedding=1,server=y,suspend=n,address=127.0.0.1:56132
Begin MonoManager ReloadAssembly
Registering precompiled unity dll's ...
Register platform support module: /Applications/Unity/Hub/Editor/2020.3.25f1/Unity.app/Contents/PlaybackEngines/MacStandaloneSupport/UnityEditor.OSXStandalone.Extensions.dll
Register platform support module: /Applications/Unity/Hub/Editor/2020.3.25f1/PlaybackEngines/WindowsStandaloneSupport/UnityEditor.WindowsStandalone.Extensions.dll
Registered in 0.002915 seconds.
Native extension for WindowsStandalone target not found
Native extension for OSXStandalone target not found
Refreshing native plugins compatible for Editor in 111.08 ms, found 3 plugins.
Preloading 0 native plugins for Editor in 0.00 ms.
Mono: successfully reloaded assembly
- Completed reload, in  3.348 seconds
Domain Reload Profiling:
	ReloadAssembly (3349ms)
		BeginReloadAssembly (252ms)
			ExecutionOrderSort (0ms)
			DisableScriptedObjects (0ms)
			BackupInstance (0ms)
			ReleaseScriptingObjects (0ms)
			CreateAndSetChildDomain (7ms)
		EndReloadAssembly (2792ms)
			LoadAssemblies (247ms)
			RebuildTransferFunctionScriptingTraits (2ms)
			SetupTypeCache (485ms)
			ReleaseScriptCaches (0ms)
			RebuildScriptCaches (89ms)
			SetupLoadedEditorAssemblies (1443ms)
				LogAssemblyErrors (0ms)
				InitializePlatformSupportModulesInManaged (34ms)
				SetLoadedEditorAssemblies (1ms)
				RefreshPlugins (111ms)
				BeforeProcessingInitializeOnLoad (88ms)
				ProcessInitializeOnLoadAttributes (904ms)
				ProcessInitializeOnLoadMethodAttributes (301ms)
				AfterProcessingInitializeOnLoad (0ms)
				EditorAssembliesLoaded (2ms)
			ExecutionOrderSort2 (0ms)
			AwakeInstancesAfterBackupRestoration (0ms)
Platform modules already initialized, skipping
Registering precompiled user dll's ...
Registered in 0.008142 seconds.
Begin MonoManager ReloadAssembly
Native extension for WindowsStandalone target not found
Native extension for OSXStandalone target not found
Refreshing native plugins compatible for Editor in 106.48 ms, found 3 plugins.
Preloading 0 native plugins for Editor in 0.00 ms.
Mono: successfully reloaded assembly
- Completed reload, in  4.945 seconds
Domain Reload Profiling:
	ReloadAssembly (4951ms)
		BeginReloadAssembly (470ms)
			ExecutionOrderSort (0ms)
			DisableScriptedObjects (75ms)
			BackupInstance (0ms)
			ReleaseScriptingObjects (0ms)
			CreateAndSetChildDomain (50ms)
		EndReloadAssembly (4338ms)
			LoadAssemblies (315ms)
			RebuildTransferFunctionScriptingTraits (0ms)
			SetupTypeCache (809ms)
			ReleaseScriptCaches (1ms)
			RebuildScriptCaches (123ms)
			SetupLoadedEditorAssemblies (2293ms)
				LogAssemblyErrors (0ms)
				InitializePlatformSupportModulesInManaged (27ms)
				SetLoadedEditorAssemblies (1ms)
				RefreshPlugins (107ms)
				BeforeProcessingInitializeOnLoad (381ms)
				ProcessInitializeOnLoadAttributes (1677ms)
				ProcessInitializeOnLoadMethodAttributes (99ms)
				AfterProcessingInitializeOnLoad (2ms)
				EditorAssembliesLoaded (0ms)
			ExecutionOrderSort2 (0ms)
			AwakeInstancesAfterBackupRestoration (68ms)
Platform modules already initialized, skipping
Validating Project structure ... 0.001080 seconds.
Shader import version has changed; will reimport all shaders...
Upgrading shader files ...0.000483 seconds.
Application.AssetDatabase Initial Script Refresh Start
RefreshInfo: InitialScriptRefreshV2(NoUpdateAssetOptions) scanfilter:  ... 1 filters
RefreshProfiler: Total: 0.000ms
Application.AssetDatabase Initial Script Refresh End
Application.AssetDatabase.Refresh Start
Application.AssetDatabase.Refresh End
RefreshInfo: StopAssetImportingV2(ForceSynchronousImport) scanfilter: 
RefreshProfiler: Total: 0.000ms
Launching external process: /Applications/Unity/Hub/Editor/2020.3.25f1/Unity.app/Contents/Tools/UnityShaderCompiler
Launched and connected shader compiler UnityShaderCompiler after 0.40 seconds
Initializing Unity extensions:
2024-11-12 18:04:13.397 Unity[93132:2682615] NSEventModifierFlagFunction specified to -setKeyEquivalentModifierMask: for item <NSMenuItem: 0x7f84eca57410 Font Asset, ke='Command-F12'>, but is only supported for system-provided menu items; will not be used
2024-11-12 18:04:13.404 Unity[93132:2682615] NSEventModifierFlagFunction specified to -setKeyEquivalentModifierMask: for item <NSMenuItem: 0x7f84ecb38020 Font Asset, ke='Command-F12'>, but is only supported for system-provided menu items; will not be used
========================================================================
Worker process is ready to serve import requests
Refreshing native plugins compatible for Editor in 0.61 ms, found 3 plugins.
Preloading 0 native plugins for Editor in 0.00 ms.
Unloading 2197 Unused Serialized files (Serialized files now loaded: 0)
System memory in use before: 88.2 MB.
System memory in use after: 87.6 MB.

Unloading 103 unused Assets to reduce memory usage. Loaded Objects now: 2670.
Total: 8.201666 ms (FindLiveObjects: 0.409750 ms CreateObjectMapping: 0.084542 ms MarkObjects: 6.610625 ms  DeleteObjects: 1.094334 ms)

AssetImportParameters requested are different than current active one (requested -> active):
  custom:video-decoder-ogg-theora: a1e56fd34408186e4bbccfd4996cb3dc -> 
  custom:container-muxer-webm: aa71ff27fc2769a1b78a27578f13a17b -> 
  custom:container-demuxer-webm: 4f35f7cbe854078d1ac9338744f61a02 -> 
  custom:container-demuxer-ogg: 62fdf1f143b41e24485cea50d1cbac27 -> 
  custom:video-encoder-webm-vp8: eb34c28f22e8b96e1ab97ce403110664 -> 
  custom:framework-osx-AVFoundation: e770b220cccbd017edd2c1fefb359320 -> 
  custom:video-decoder-webm-vp8: 9c59270c3fd7afecdb556c50c9e8de78 -> 
  custom:audio-decoder-ogg-vorbis: bf7c407c2cedff20999df2af8eb42d56 -> 
  custom:audio-encoder-webm-vorbis: bf7c407c2cedff20999df2af8eb42d56 -> 
========================================================================
Received Import Request.
  path: Assets/prefabs
  artifactKey: Guid(8eb02b1bdb0a9437f9230e25dac7ad91) Importer(815301076,1909f56bfc062723c751e8b465ee728b)
Start importing Assets/prefabs using Guid(8eb02b1bdb0a9437f9230e25dac7ad91) Importer(815301076,1909f56bfc062723c751e8b465ee728b)  -> (artifact id: '0a7ada16c3d8657e4992e6f6992f259d') in 0.014352 seconds 
  Import took 0.024640 seconds .

========================================================================
Received Import Request.
  Time since last request: 12.624890 seconds.
  path: Assets/Scenes
  artifactKey: Guid(c805f001453a74f0da4b5a044f6ccb7d) Importer(815301076,1909f56bfc062723c751e8b465ee728b)
Start importing Assets/Scenes using Guid(c805f001453a74f0da4b5a044f6ccb7d) Importer(815301076,1909f56bfc062723c751e8b465ee728b)  -> (artifact id: 'c53d8b2a5dbb8b5e2bebe91249338e1e') in 0.001753 seconds 
  Import took 0.009592 seconds .

========================================================================
Received Import Request.
  Time since last request: 3.915635 seconds.
  path: Assets/Scenes/SampleScene.unity
  artifactKey: Guid(2cda990e2423bbf4892e6590ba056729) Importer(815301076,1909f56bfc062723c751e8b465ee728b)
Start importing Assets/Scenes/SampleScene.unity using Guid(2cda990e2423bbf4892e6590ba056729) Importer(815301076,1909f56bfc062723c751e8b465ee728b)  -> (artifact id: '0d4be1ec74bcb1358862ea4479990d96') in 0.065673 seconds 
  Import took 0.078073 seconds .

========================================================================
Received Import Request.
  Time since last request: 42.844739 seconds.
  path: Assets/materials/Background.mat
  artifactKey: Guid(2c2976d10bb4c4727911b2eaebfda0f9) Importer(815301076,1909f56bfc062723c751e8b465ee728b)
Start importing Assets/materials/Background.mat using Guid(2c2976d10bb4c4727911b2eaebfda0f9) Importer(815301076,1909f56bfc062723c751e8b465ee728b)  -> (artifact id: 'ae2d168fc91e426d5961158a580e28ad') in 2.679164 seconds 
  Import took 2.702456 seconds .

========================================================================
Received Import Request.
  Time since last request: 0.000441 seconds.
  path: Assets/materials/Ground.mat
  artifactKey: Guid(e1dcf178594cb4762a0d35ceae406a58) Importer(815301076,1909f56bfc062723c751e8b465ee728b)
Start importing Assets/materials/Ground.mat using Guid(e1dcf178594cb4762a0d35ceae406a58) Importer(815301076,1909f56bfc062723c751e8b465ee728b)  -> (artifact id: '2dd62eba1cc422a2f2cf9b0c8d411888') in 0.027176 seconds 
  Import took 0.032258 seconds .

========================================================================
Received Import Request.
  Time since last request: 864.325314 seconds.
  path: Assets/prefabs/Pipes.prefab
  artifactKey: Guid(8a6e5053e6674456880e8babef4c9b82) Importer(815301076,1909f56bfc062723c751e8b465ee728b)
Start importing Assets/prefabs/Pipes.prefab using Guid(8a6e5053e6674456880e8babef4c9b82) Importer(815301076,1909f56bfc062723c751e8b465ee728b)  -> (artifact id: 'a3c56ae7a028d882e9d22ec90540f300') in 0.444040 seconds 
  Import took 0.468535 seconds .

========================================================================
Received Import Request.
  Time since last request: 187.677193 seconds.
  path: Assets/scripts/PipeSpawn.cs
  artifactKey: Guid(9c438af9d1deb4d6bbf7964c004a8de3) Importer(815301076,1909f56bfc062723c751e8b465ee728b)
Start importing Assets/scripts/PipeSpawn.cs using Guid(9c438af9d1deb4d6bbf7964c004a8de3) Importer(815301076,1909f56bfc062723c751e8b465ee728b)  -> (artifact id: '92df1a2742e97d702a9ff2b1f8d408de') in 0.830107 seconds 
  Import took 0.857450 seconds .

========================================================================
Received Prepare
Registering precompiled user dll's ...
Registered in 0.007965 seconds.
Begin MonoManager ReloadAssembly
Native extension for WindowsStandalone target not found
Native extension for OSXStandalone target not found
Refreshing native plugins compatible for Editor in 1.57 ms, found 3 plugins.
Preloading 0 native plugins for Editor in 0.00 ms.
2024-11-12 18:23:41.862 Unity[93132:2682615] NSEventModifierFlagFunction specified to -setKeyEquivalentModifierMask: for item <NSMenuItem: 0x7f84eb558a80 Font Asset, ke='Command-F12'>, but is only supported for system-provided menu items; will not be used
Mono: successfully reloaded assembly
- Completed reload, in  5.649 seconds
Domain Reload Profiling:
	ReloadAssembly (5655ms)
		BeginReloadAssembly (658ms)
			ExecutionOrderSort (0ms)
			DisableScriptedObjects (97ms)
			BackupInstance (0ms)
			ReleaseScriptingObjects (0ms)
			CreateAndSetChildDomain (318ms)
		EndReloadAssembly (4814ms)
			LoadAssemblies (447ms)
			RebuildTransferFunctionScriptingTraits (0ms)
			SetupTypeCache (768ms)
			ReleaseScriptCaches (4ms)
			RebuildScriptCaches (92ms)
			SetupLoadedEditorAssemblies (2869ms)
				LogAssemblyErrors (0ms)
				InitializePlatformSupportModulesInManaged (32ms)
				SetLoadedEditorAssemblies (3ms)
				RefreshPlugins (2ms)
				BeforeProcessingInitializeOnLoad (575ms)
				ProcessInitializeOnLoadAttributes (2148ms)
				ProcessInitializeOnLoadMethodAttributes (107ms)
				AfterProcessingInitializeOnLoad (2ms)
				EditorAssembliesLoaded (1ms)
			ExecutionOrderSort2 (0ms)
			AwakeInstancesAfterBackupRestoration (103ms)
Platform modules already initialized, skipping
Refreshing native plugins compatible for Editor in 0.64 ms, found 3 plugins.
Preloading 0 native plugins for Editor in 0.00 ms.
Unloading 2186 Unused Serialized files (Serialized files now loaded: 0)
System memory in use before: 325.5 MB.
System memory in use after: 325.7 MB.

Unloading 18 unused Assets to reduce memory usage. Loaded Objects now: 2713.
Total: 5.814250 ms (FindLiveObjects: 0.434916 ms CreateObjectMapping: 0.127333 ms MarkObjects: 5.203625 ms  DeleteObjects: 0.046833 ms)

AssetImportParameters requested are different than current active one (requested -> active):
  custom:video-decoder-ogg-theora: a1e56fd34408186e4bbccfd4996cb3dc -> 
  custom:container-muxer-webm: aa71ff27fc2769a1b78a27578f13a17b -> 
  custom:container-demuxer-webm: 4f35f7cbe854078d1ac9338744f61a02 -> 
  custom:container-demuxer-ogg: 62fdf1f143b41e24485cea50d1cbac27 -> 
  custom:video-encoder-webm-vp8: eb34c28f22e8b96e1ab97ce403110664 -> 
  custom:framework-osx-AVFoundation: e770b220cccbd017edd2c1fefb359320 -> 
  custom:video-decoder-webm-vp8: 9c59270c3fd7afecdb556c50c9e8de78 -> 
  custom:audio-decoder-ogg-vorbis: bf7c407c2cedff20999df2af8eb42d56 -> 
  custom:audio-encoder-webm-vorbis: bf7c407c2cedff20999df2af8eb42d56 -> 
========================================================================
Received Prepare
Registering precompiled user dll's ...
Registered in 0.008873 seconds.
Begin MonoManager ReloadAssembly
Native extension for WindowsStandalone target not found
Native extension for OSXStandalone target not found
Refreshing native plugins compatible for Editor in 1.16 ms, found 3 plugins.
Preloading 0 native plugins for Editor in 0.00 ms.
2024-11-12 18:33:25.777 Unity[93132:2682615] NSEventModifierFlagFunction specified to -setKeyEquivalentModifierMask: for item <NSMenuItem: 0x7f84eb55df30 Font Asset, ke='Command-F12'>, but is only supported for system-provided menu items; will not be used
Mono: successfully reloaded assembly
- Completed reload, in  6.247 seconds
Domain Reload Profiling:
	ReloadAssembly (6251ms)
		BeginReloadAssembly (559ms)
			ExecutionOrderSort (0ms)
			DisableScriptedObjects (108ms)
			BackupInstance (0ms)
			ReleaseScriptingObjects (0ms)
			CreateAndSetChildDomain (189ms)
		EndReloadAssembly (5453ms)
			LoadAssemblies (598ms)
			RebuildTransferFunctionScriptingTraits (0ms)
			SetupTypeCache (761ms)
			ReleaseScriptCaches (2ms)
			RebuildScriptCaches (123ms)
			SetupLoadedEditorAssemblies (3193ms)
				LogAssemblyErrors (0ms)
				InitializePlatformSupportModulesInManaged (45ms)
				SetLoadedEditorAssemblies (4ms)
				RefreshPlugins (1ms)
				BeforeProcessingInitializeOnLoad (629ms)
				ProcessInitializeOnLoadAttributes (2415ms)
				ProcessInitializeOnLoadMethodAttributes (97ms)
				AfterProcessingInitializeOnLoad (1ms)
				EditorAssembliesLoaded (1ms)
			ExecutionOrderSort2 (0ms)
			AwakeInstancesAfterBackupRestoration (107ms)
Platform modules already initialized, skipping
Refreshing native plugins compatible for Editor in 1.02 ms, found 3 plugins.
Preloading 0 native plugins for Editor in 0.00 ms.
Unloading 2186 Unused Serialized files (Serialized files now loaded: 0)
System memory in use before: 328.3 MB.
System memory in use after: 328.4 MB.

Unloading 17 unused Assets to reduce memory usage. Loaded Objects now: 2715.
Total: 7.269042 ms (FindLiveObjects: 0.540417 ms CreateObjectMapping: 0.136583 ms MarkObjects: 6.551083 ms  DeleteObjects: 0.039250 ms)

AssetImportParameters requested are different than current active one (requested -> active):
  custom:video-decoder-ogg-theora: a1e56fd34408186e4bbccfd4996cb3dc -> 
  custom:container-muxer-webm: aa71ff27fc2769a1b78a27578f13a17b -> 
  custom:container-demuxer-webm: 4f35f7cbe854078d1ac9338744f61a02 -> 
  custom:container-demuxer-ogg: 62fdf1f143b41e24485cea50d1cbac27 -> 
  custom:video-encoder-webm-vp8: eb34c28f22e8b96e1ab97ce403110664 -> 
  custom:framework-osx-AVFoundation: e770b220cccbd017edd2c1fefb359320 -> 
  custom:video-decoder-webm-vp8: 9c59270c3fd7afecdb556c50c9e8de78 -> 
  custom:audio-decoder-ogg-vorbis: bf7c407c2cedff20999df2af8eb42d56 -> 
  custom:audio-encoder-webm-vorbis: bf7c407c2cedff20999df2af8eb42d56 -> 
========================================================================
Received Prepare
Registering precompiled user dll's ...
Registered in 0.010364 seconds.
Begin MonoManager ReloadAssembly
Native extension for WindowsStandalone target not found
Native extension for OSXStandalone target not found
Refreshing native plugins compatible for Editor in 1.30 ms, found 3 plugins.
Preloading 0 native plugins for Editor in 0.00 ms.
2024-11-12 18:36:08.041 Unity[93132:2682615] NSEventModifierFlagFunction specified to -setKeyEquivalentModifierMask: for item <NSMenuItem: 0x7f84eb477250 Font Asset, ke='Command-F12'>, but is only supported for system-provided menu items; will not be used
Mono: successfully reloaded assembly
- Completed reload, in  5.979 seconds
Domain Reload Profiling:
	ReloadAssembly (5985ms)
		BeginReloadAssembly (727ms)
			ExecutionOrderSort (0ms)
			DisableScriptedObjects (132ms)
			BackupInstance (0ms)
			ReleaseScriptingObjects (0ms)
			CreateAndSetChildDomain (271ms)
		EndReloadAssembly (5019ms)
			LoadAssemblies (577ms)
			RebuildTransferFunctionScriptingTraits (2ms)
			SetupTypeCache (798ms)
			ReleaseScriptCaches (2ms)
			RebuildScriptCaches (103ms)
			SetupLoadedEditorAssemblies (2884ms)
				LogAssemblyErrors (0ms)
				InitializePlatformSupportModulesInManaged (40ms)
				SetLoadedEditorAssemblies (4ms)
				RefreshPlugins (1ms)
				BeforeProcessingInitializeOnLoad (648ms)
				ProcessInitializeOnLoadAttributes (2078ms)
				ProcessInitializeOnLoadMethodAttributes (111ms)
				AfterProcessingInitializeOnLoad (2ms)
				EditorAssembliesLoaded (1ms)
			ExecutionOrderSort2 (0ms)
			AwakeInstancesAfterBackupRestoration (99ms)
Platform modules already initialized, skipping
Refreshing native plugins compatible for Editor in 0.86 ms, found 3 plugins.
Preloading 0 native plugins for Editor in 0.00 ms.
Unloading 2186 Unused Serialized files (Serialized files now loaded: 0)
System memory in use before: 331.1 MB.
System memory in use after: 331.3 MB.

Unloading 17 unused Assets to reduce memory usage. Loaded Objects now: 2717.
Total: 6.002375 ms (FindLiveObjects: 0.292583 ms CreateObjectMapping: 0.237541 ms MarkObjects: 5.422750 ms  DeleteObjects: 0.047500 ms)

AssetImportParameters requested are different than current active one (requested -> active):
  custom:video-decoder-ogg-theora: a1e56fd34408186e4bbccfd4996cb3dc -> 
  custom:container-muxer-webm: aa71ff27fc2769a1b78a27578f13a17b -> 
  custom:container-demuxer-webm: 4f35f7cbe854078d1ac9338744f61a02 -> 
  custom:container-demuxer-ogg: 62fdf1f143b41e24485cea50d1cbac27 -> 
  custom:video-encoder-webm-vp8: eb34c28f22e8b96e1ab97ce403110664 -> 
  custom:framework-osx-AVFoundation: e770b220cccbd017edd2c1fefb359320 -> 
  custom:video-decoder-webm-vp8: 9c59270c3fd7afecdb556c50c9e8de78 -> 
  custom:audio-decoder-ogg-vorbis: bf7c407c2cedff20999df2af8eb42d56 -> 
  custom:audio-encoder-webm-vorbis: bf7c407c2cedff20999df2af8eb42d56 -> 
========================================================================
Received Import Request.
  Time since last request: 809.803713 seconds.
  path: Assets/scripts/PipeMove.cs
  artifactKey: Guid(156a08d177817426e9a8fdcbc9ff1aaf) Importer(815301076,1909f56bfc062723c751e8b465ee728b)
Start importing Assets/scripts/PipeMove.cs using Guid(156a08d177817426e9a8fdcbc9ff1aaf) Importer(815301076,1909f56bfc062723c751e8b465ee728b)  -> (artifact id: '5c2252f5c5d1a655e47e61d14ae656a7') in 0.121628 seconds 
  Import took 0.169069 seconds .

========================================================================
Received Prepare
Registering precompiled user dll's ...
Registered in 0.006094 seconds.
Begin MonoManager ReloadAssembly
Native extension for WindowsStandalone target not found
Native extension for OSXStandalone target not found
Refreshing native plugins compatible for Editor in 0.69 ms, found 3 plugins.
Preloading 0 native plugins for Editor in 0.00 ms.
2024-11-12 18:36:40.990 Unity[93132:2682615] NSEventModifierFlagFunction specified to -setKeyEquivalentModifierMask: for item <NSMenuItem: 0x7f84ecb45a60 Font Asset, ke='Command-F12'>, but is only supported for system-provided menu items; will not be used
Mono: successfully reloaded assembly
- Completed reload, in  5.487 seconds
Domain Reload Profiling:
	ReloadAssembly (5490ms)
		BeginReloadAssembly (619ms)
			ExecutionOrderSort (0ms)
			DisableScriptedObjects (104ms)
			BackupInstance (0ms)
			ReleaseScriptingObjects (0ms)
			CreateAndSetChildDomain (191ms)
		EndReloadAssembly (4683ms)
			LoadAssemblies (573ms)
			RebuildTransferFunctionScriptingTraits (0ms)
			SetupTypeCache (714ms)
			ReleaseScriptCaches (1ms)
			RebuildScriptCaches (92ms)
			SetupLoadedEditorAssemblies (2784ms)
				LogAssemblyErrors (0ms)
				InitializePlatformSupportModulesInManaged (33ms)
				SetLoadedEditorAssemblies (2ms)
				RefreshPlugins (1ms)
				BeforeProcessingInitializeOnLoad (502ms)
				ProcessInitializeOnLoadAttributes (2156ms)
				ProcessInitializeOnLoadMethodAttributes (88ms)
				AfterProcessingInitializeOnLoad (2ms)
				EditorAssembliesLoaded (1ms)
			ExecutionOrderSort2 (0ms)
			AwakeInstancesAfterBackupRestoration (89ms)
Platform modules already initialized, skipping
Refreshing native plugins compatible for Editor in 0.73 ms, found 3 plugins.
Preloading 0 native plugins for Editor in 0.00 ms.
Unloading 2187 Unused Serialized files (Serialized files now loaded: 0)
System memory in use before: 333.9 MB.
System memory in use after: 334.1 MB.

Unloading 17 unused Assets to reduce memory usage. Loaded Objects now: 2720.
Total: 4.909500 ms (FindLiveObjects: 0.238875 ms CreateObjectMapping: 0.171333 ms MarkObjects: 4.439375 ms  DeleteObjects: 0.058375 ms)

AssetImportParameters requested are different than current active one (requested -> active):
  custom:video-decoder-ogg-theora: a1e56fd34408186e4bbccfd4996cb3dc -> 
  custom:container-muxer-webm: aa71ff27fc2769a1b78a27578f13a17b -> 
  custom:container-demuxer-webm: 4f35f7cbe854078d1ac9338744f61a02 -> 
  custom:container-demuxer-ogg: 62fdf1f143b41e24485cea50d1cbac27 -> 
  custom:video-encoder-webm-vp8: eb34c28f22e8b96e1ab97ce403110664 -> 
  custom:framework-osx-AVFoundation: e770b220cccbd017edd2c1fefb359320 -> 
  custom:video-decoder-webm-vp8: 9c59270c3fd7afecdb556c50c9e8de78 -> 
  custom:audio-decoder-ogg-vorbis: bf7c407c2cedff20999df2af8eb42d56 -> 
  custom:audio-encoder-webm-vorbis: bf7c407c2cedff20999df2af8eb42d56 -> 
========================================================================
Received Prepare
Registering precompiled user dll's ...
Registered in 0.008084 seconds.
Begin MonoManager ReloadAssembly
Native extension for WindowsStandalone target not found
Native extension for OSXStandalone target not found
Refreshing native plugins compatible for Editor in 0.71 ms, found 3 plugins.
Preloading 0 native plugins for Editor in 0.00 ms.
2024-11-12 18:41:51.809 Unity[93132:2682615] NSEventModifierFlagFunction specified to -setKeyEquivalentModifierMask: for item <NSMenuItem: 0x7f852ba77bf0 Font Asset, ke='Command-F12'>, but is only supported for system-provided menu items; will not be used
Mono: successfully reloaded assembly
- Completed reload, in  5.601 seconds
Domain Reload Profiling:
	ReloadAssembly (5604ms)
		BeginReloadAssembly (579ms)
			ExecutionOrderSort (0ms)
			DisableScriptedObjects (105ms)
			BackupInstance (0ms)
			ReleaseScriptingObjects (0ms)
			CreateAndSetChildDomain (206ms)
		EndReloadAssembly (4846ms)
			LoadAssemblies (486ms)
			RebuildTransferFunctionScriptingTraits (0ms)
			SetupTypeCache (747ms)
			ReleaseScriptCaches (2ms)
			RebuildScriptCaches (99ms)
			SetupLoadedEditorAssemblies (2931ms)
				LogAssemblyErrors (0ms)
				InitializePlatformSupportModulesInManaged (33ms)
				SetLoadedEditorAssemblies (3ms)
				RefreshPlugins (1ms)
				BeforeProcessingInitializeOnLoad (502ms)
				ProcessInitializeOnLoadAttributes (2303ms)
				ProcessInitializeOnLoadMethodAttributes (87ms)
				AfterProcessingInitializeOnLoad (2ms)
				EditorAssembliesLoaded (1ms)
			ExecutionOrderSort2 (0ms)
			AwakeInstancesAfterBackupRestoration (94ms)
Platform modules already initialized, skipping
Refreshing native plugins compatible for Editor in 0.85 ms, found 3 plugins.
Preloading 0 native plugins for Editor in 0.00 ms.
Unloading 2187 Unused Serialized files (Serialized files now loaded: 0)
System memory in use before: 336.7 MB.
System memory in use after: 336.9 MB.

Unloading 17 unused Assets to reduce memory usage. Loaded Objects now: 2722.
Total: 8.432250 ms (FindLiveObjects: 0.564625 ms CreateObjectMapping: 0.192041 ms MarkObjects: 7.594083 ms  DeleteObjects: 0.079792 ms)

AssetImportParameters requested are different than current active one (requested -> active):
  custom:video-decoder-ogg-theora: a1e56fd34408186e4bbccfd4996cb3dc -> 
  custom:container-muxer-webm: aa71ff27fc2769a1b78a27578f13a17b -> 
  custom:container-demuxer-webm: 4f35f7cbe854078d1ac9338744f61a02 -> 
  custom:container-demuxer-ogg: 62fdf1f143b41e24485cea50d1cbac27 -> 
  custom:video-encoder-webm-vp8: eb34c28f22e8b96e1ab97ce403110664 -> 
  custom:framework-osx-AVFoundation: e770b220cccbd017edd2c1fefb359320 -> 
  custom:video-decoder-webm-vp8: 9c59270c3fd7afecdb556c50c9e8de78 -> 
  custom:audio-decoder-ogg-vorbis: bf7c407c2cedff20999df2af8eb42d56 -> 
  custom:audio-encoder-webm-vorbis: bf7c407c2cedff20999df2af8eb42d56 -> 
========================================================================
Received Import Request.
  Time since last request: 419.037007 seconds.
  path: Assets/scripts/PipeMove.cs
  artifactKey: Guid(156a08d177817426e9a8fdcbc9ff1aaf) Importer(815301076,1909f56bfc062723c751e8b465ee728b)
Start importing Assets/scripts/PipeMove.cs using Guid(156a08d177817426e9a8fdcbc9ff1aaf) Importer(815301076,1909f56bfc062723c751e8b465ee728b)  -> (artifact id: '4c393f3c3a7d2d640ffffba0fcacfe1a') in 0.052666 seconds 
  Import took 0.070286 seconds .

========================================================================
Received Import Request.
  Time since last request: 3.470822 seconds.
  path: Assets/prefabs/Pipes.prefab
  artifactKey: Guid(8a6e5053e6674456880e8babef4c9b82) Importer(815301076,1909f56bfc062723c751e8b465ee728b)
Start importing Assets/prefabs/Pipes.prefab using Guid(8a6e5053e6674456880e8babef4c9b82) Importer(815301076,1909f56bfc062723c751e8b465ee728b)  -> (artifact id: 'f08eb9c398af163b5f21dea0f7c1ef9f') in 0.514252 seconds 
  Import took 0.519302 seconds .

========================================================================
Received Prepare
Registering precompiled user dll's ...
Registered in 0.007378 seconds.
Begin MonoManager ReloadAssembly
Native extension for WindowsStandalone target not found
Native extension for OSXStandalone target not found
Refreshing native plugins compatible for Editor in 1.20 ms, found 3 plugins.
Preloading 0 native plugins for Editor in 0.00 ms.
2024-11-12 18:43:32.800 Unity[93132:2682615] NSEventModifierFlagFunction specified to -setKeyEquivalentModifierMask: for item <NSMenuItem: 0x7f852ba80200 Font Asset, ke='Command-F12'>, but is only supported for system-provided menu items; will not be used
Mono: successfully reloaded assembly
- Completed reload, in  5.667 seconds
Domain Reload Profiling:
	ReloadAssembly (5673ms)
		BeginReloadAssembly (666ms)
			ExecutionOrderSort (0ms)
			DisableScriptedObjects (181ms)
			BackupInstance (0ms)
			ReleaseScriptingObjects (0ms)
			CreateAndSetChildDomain (214ms)
		EndReloadAssembly (4797ms)
			LoadAssemblies (500ms)
			RebuildTransferFunctionScriptingTraits (0ms)
			SetupTypeCache (758ms)
			ReleaseScriptCaches (4ms)
			RebuildScriptCaches (114ms)
			SetupLoadedEditorAssemblies (2680ms)
				LogAssemblyErrors (0ms)
				InitializePlatformSupportModulesInManaged (44ms)
				SetLoadedEditorAssemblies (4ms)
				RefreshPlugins (1ms)
				BeforeProcessingInitializeOnLoad (600ms)
				ProcessInitializeOnLoadAttributes (1911ms)
				ProcessInitializeOnLoadMethodAttributes (117ms)
				AfterProcessingInitializeOnLoad (2ms)
				EditorAssembliesLoaded (1ms)
			ExecutionOrderSort2 (0ms)
			AwakeInstancesAfterBackupRestoration (121ms)
Platform modules already initialized, skipping
Refreshing native plugins compatible for Editor in 0.80 ms, found 3 plugins.
Preloading 0 native plugins for Editor in 0.00 ms.
Unloading 2187 Unused Serialized files (Serialized files now loaded: 0)
System memory in use before: 339.7 MB.
System memory in use after: 339.9 MB.

Unloading 17 unused Assets to reduce memory usage. Loaded Objects now: 2725.
Total: 5.285375 ms (FindLiveObjects: 0.226125 ms CreateObjectMapping: 0.193250 ms MarkObjects: 4.812875 ms  DeleteObjects: 0.051500 ms)

AssetImportParameters requested are different than current active one (requested -> active):
  custom:video-decoder-ogg-theora: a1e56fd34408186e4bbccfd4996cb3dc -> 
  custom:container-muxer-webm: aa71ff27fc2769a1b78a27578f13a17b -> 
  custom:container-demuxer-webm: 4f35f7cbe854078d1ac9338744f61a02 -> 
  custom:container-demuxer-ogg: 62fdf1f143b41e24485cea50d1cbac27 -> 
  custom:video-encoder-webm-vp8: eb34c28f22e8b96e1ab97ce403110664 -> 
  custom:framework-osx-AVFoundation: e770b220cccbd017edd2c1fefb359320 -> 
  custom:video-decoder-webm-vp8: 9c59270c3fd7afecdb556c50c9e8de78 -> 
  custom:audio-decoder-ogg-vorbis: bf7c407c2cedff20999df2af8eb42d56 -> 
  custom:audio-encoder-webm-vorbis: bf7c407c2cedff20999df2af8eb42d56 -> 
========================================================================
Received Import Request.
  Time since last request: 12.923182 seconds.
  path: Assets/prefabs/Pipes.prefab
  artifactKey: Guid(8a6e5053e6674456880e8babef4c9b82) Importer(815301076,1909f56bfc062723c751e8b465ee728b)
Start importing Assets/prefabs/Pipes.prefab using Guid(8a6e5053e6674456880e8babef4c9b82) Importer(815301076,1909f56bfc062723c751e8b465ee728b)  -> (artifact id: 'ce5c519d833f60279ddaf84d3f6d2b10') in 0.319604 seconds 
  Import took 0.328309 seconds .

========================================================================
Received Prepare
Registering precompiled user dll's ...
Registered in 0.010002 seconds.
Begin MonoManager ReloadAssembly
Native extension for WindowsStandalone target not found
Native extension for OSXStandalone target not found
Refreshing native plugins compatible for Editor in 1.08 ms, found 3 plugins.
Preloading 0 native plugins for Editor in 0.00 ms.
2024-11-12 18:44:47.946 Unity[93132:2682615] NSEventModifierFlagFunction specified to -setKeyEquivalentModifierMask: for item <NSMenuItem: 0x7f852ba78e20 Font Asset, ke='Command-F12'>, but is only supported for system-provided menu items; will not be used
Mono: successfully reloaded assembly
- Completed reload, in  4.899 seconds
Domain Reload Profiling:
	ReloadAssembly (4903ms)
		BeginReloadAssembly (632ms)
			ExecutionOrderSort (0ms)
			DisableScriptedObjects (102ms)
			BackupInstance (0ms)
			ReleaseScriptingObjects (0ms)
			CreateAndSetChildDomain (241ms)
		EndReloadAssembly (4055ms)
			LoadAssemblies (485ms)
			RebuildTransferFunctionScriptingTraits (0ms)
			SetupTypeCache (785ms)
			ReleaseScriptCaches (5ms)
			RebuildScriptCaches (95ms)
			SetupLoadedEditorAssemblies (2137ms)
				LogAssemblyErrors (0ms)
				InitializePlatformSupportModulesInManaged (32ms)
				SetLoadedEditorAssemblies (3ms)
				RefreshPlugins (1ms)
				BeforeProcessingInitializeOnLoad (458ms)
				ProcessInitializeOnLoadAttributes (1572ms)
				ProcessInitializeOnLoadMethodAttributes (69ms)
				AfterProcessingInitializeOnLoad (1ms)
				EditorAssembliesLoaded (0ms)
			ExecutionOrderSort2 (0ms)
			AwakeInstancesAfterBackupRestoration (84ms)
Platform modules already initialized, skipping
Refreshing native plugins compatible for Editor in 0.71 ms, found 3 plugins.
Preloading 0 native plugins for Editor in 0.00 ms.
Unloading 2187 Unused Serialized files (Serialized files now loaded: 0)
System memory in use before: 342.6 MB.
System memory in use after: 342.8 MB.

Unloading 17 unused Assets to reduce memory usage. Loaded Objects now: 2728.
Total: 4.973500 ms (FindLiveObjects: 0.238625 ms CreateObjectMapping: 0.196000 ms MarkObjects: 4.472041 ms  DeleteObjects: 0.065083 ms)

AssetImportParameters requested are different than current active one (requested -> active):
  custom:video-decoder-ogg-theora: a1e56fd34408186e4bbccfd4996cb3dc -> 
  custom:container-muxer-webm: aa71ff27fc2769a1b78a27578f13a17b -> 
  custom:container-demuxer-webm: 4f35f7cbe854078d1ac9338744f61a02 -> 
  custom:container-demuxer-ogg: 62fdf1f143b41e24485cea50d1cbac27 -> 
  custom:video-encoder-webm-vp8: eb34c28f22e8b96e1ab97ce403110664 -> 
  custom:framework-osx-AVFoundation: e770b220cccbd017edd2c1fefb359320 -> 
  custom:video-decoder-webm-vp8: 9c59270c3fd7afecdb556c50c9e8de78 -> 
  custom:audio-decoder-ogg-vorbis: bf7c407c2cedff20999df2af8eb42d56 -> 
  custom:audio-encoder-webm-vorbis: bf7c407c2cedff20999df2af8eb42d56 -> 
========================================================================
Received Import Request.
  Time since last request: 82.976706 seconds.
  path: Assets/sprites/pipe-red.png
  artifactKey: Guid(4b3947a70a2f0485eabf980be461e361) Importer(815301076,1909f56bfc062723c751e8b465ee728b)
Start importing Assets/sprites/pipe-red.png using Guid(4b3947a70a2f0485eabf980be461e361) Importer(815301076,1909f56bfc062723c751e8b465ee728b)  -> (artifact id: '16f42ae6c928d71882caf0074c813a25') in 1.385517 seconds 
  Import took 1.402676 seconds .

========================================================================
Received Prepare
Registering precompiled user dll's ...
Registered in 0.008852 seconds.
Begin MonoManager ReloadAssembly
Native extension for WindowsStandalone target not found
Native extension for OSXStandalone target not found
Refreshing native plugins compatible for Editor in 0.81 ms, found 3 plugins.
Preloading 0 native plugins for Editor in 0.00 ms.
2024-11-12 18:45:55.490 Unity[93132:2682615] NSEventModifierFlagFunction specified to -setKeyEquivalentModifierMask: for item <NSMenuItem: 0x7f84fb06d170 Font Asset, ke='Command-F12'>, but is only supported for system-provided menu items; will not be used
Mono: successfully reloaded assembly
- Completed reload, in  5.734 seconds
Domain Reload Profiling:
	ReloadAssembly (5737ms)
		BeginReloadAssembly (529ms)
			ExecutionOrderSort (0ms)
			DisableScriptedObjects (103ms)
			BackupInstance (0ms)
			ReleaseScriptingObjects (0ms)
			CreateAndSetChildDomain (191ms)
		EndReloadAssembly (4966ms)
			LoadAssemblies (621ms)
			RebuildTransferFunctionScriptingTraits (0ms)
			SetupTypeCache (775ms)
			ReleaseScriptCaches (2ms)
			RebuildScriptCaches (105ms)
			SetupLoadedEditorAssemblies (2801ms)
				LogAssemblyErrors (0ms)
				InitializePlatformSupportModulesInManaged (37ms)
				SetLoadedEditorAssemblies (3ms)
				RefreshPlugins (1ms)
				BeforeProcessingInitializeOnLoad (598ms)
				ProcessInitializeOnLoadAttributes (2047ms)
				ProcessInitializeOnLoadMethodAttributes (114ms)
				AfterProcessingInitializeOnLoad (1ms)
				EditorAssembliesLoaded (1ms)
			ExecutionOrderSort2 (0ms)
			AwakeInstancesAfterBackupRestoration (94ms)
Platform modules already initialized, skipping
Refreshing native plugins compatible for Editor in 0.89 ms, found 3 plugins.
Preloading 0 native plugins for Editor in 0.00 ms.
Unloading 2187 Unused Serialized files (Serialized files now loaded: 0)
System memory in use before: 424.4 MB.
System memory in use after: 424.6 MB.

Unloading 17 unused Assets to reduce memory usage. Loaded Objects now: 2734.
Total: 4.851875 ms (FindLiveObjects: 0.224958 ms CreateObjectMapping: 0.091458 ms MarkObjects: 4.491833 ms  DeleteObjects: 0.041875 ms)

AssetImportParameters requested are different than current active one (requested -> active):
  custom:video-decoder-ogg-theora: a1e56fd34408186e4bbccfd4996cb3dc -> 
  custom:container-muxer-webm: aa71ff27fc2769a1b78a27578f13a17b -> 
  custom:container-demuxer-webm: 4f35f7cbe854078d1ac9338744f61a02 -> 
  custom:container-demuxer-ogg: 62fdf1f143b41e24485cea50d1cbac27 -> 
  custom:video-encoder-webm-vp8: eb34c28f22e8b96e1ab97ce403110664 -> 
  custom:framework-osx-AVFoundation: e770b220cccbd017edd2c1fefb359320 -> 
  custom:video-decoder-webm-vp8: 9c59270c3fd7afecdb556c50c9e8de78 -> 
  custom:audio-decoder-ogg-vorbis: bf7c407c2cedff20999df2af8eb42d56 -> 
  custom:audio-encoder-webm-vorbis: bf7c407c2cedff20999df2af8eb42d56 -> 
========================================================================
Received Import Request.
  Time since last request: 57.988253 seconds.
  path: Assets/prefabs/Pipes.prefab
  artifactKey: Guid(8a6e5053e6674456880e8babef4c9b82) Importer(815301076,1909f56bfc062723c751e8b465ee728b)
Start importing Assets/prefabs/Pipes.prefab using Guid(8a6e5053e6674456880e8babef4c9b82) Importer(815301076,1909f56bfc062723c751e8b465ee728b)  -> (artifact id: '09c055b8301b19b34f437b3970f8f957') in 0.310904 seconds 
  Import took 0.318007 seconds .

========================================================================
Received Import Request.
  Time since last request: 864.477202 seconds.
  path: Assets/18VAG Rounded M Normal.ttf
  artifactKey: Guid(b1ff0bc5b39604a1485f4c47ea77e224) Importer(815301076,1909f56bfc062723c751e8b465ee728b)
Start importing Assets/18VAG Rounded M Normal.ttf using Guid(b1ff0bc5b39604a1485f4c47ea77e224) Importer(815301076,1909f56bfc062723c751e8b465ee728b)  -> (artifact id: '25295c1e09d7a5db9fbf5fd2044e79e5') in 2.174184 seconds 
  Import took 2.452488 seconds .

========================================================================
Received Import Request.
  Time since last request: 51.908813 seconds.
  path: Assets/scripts/GameManager.cs
  artifactKey: Guid(51d3c6af5688747fdab00a89085373e6) Importer(815301076,1909f56bfc062723c751e8b465ee728b)
Start importing Assets/scripts/GameManager.cs using Guid(51d3c6af5688747fdab00a89085373e6) Importer(815301076,1909f56bfc062723c751e8b465ee728b)  -> (artifact id: 'ada47931c7b772191d463d7ab8ce10f9') in 0.032836 seconds 
  Import took 0.063628 seconds .

========================================================================
Received Prepare
Registering precompiled user dll's ...
Registered in 0.006718 seconds.
Begin MonoManager ReloadAssembly
Native extension for WindowsStandalone target not found
Native extension for OSXStandalone target not found
Refreshing native plugins compatible for Editor in 1.20 ms, found 3 plugins.
Preloading 0 native plugins for Editor in 0.00 ms.
2024-11-12 19:01:37.040 Unity[93132:2682615] NSEventModifierFlagFunction specified to -setKeyEquivalentModifierMask: for item <NSMenuItem: 0x7f84ec946c50 Font Asset, ke='Command-F12'>, but is only supported for system-provided menu items; will not be used
Mono: successfully reloaded assembly
- Completed reload, in  6.673 seconds
Domain Reload Profiling:
	ReloadAssembly (6679ms)
		BeginReloadAssembly (779ms)
			ExecutionOrderSort (0ms)
			DisableScriptedObjects (139ms)
			BackupInstance (0ms)
			ReleaseScriptingObjects (0ms)
			CreateAndSetChildDomain (325ms)
		EndReloadAssembly (5644ms)
			LoadAssemblies (602ms)
			RebuildTransferFunctionScriptingTraits (0ms)
			SetupTypeCache (921ms)
			ReleaseScriptCaches (5ms)
			RebuildScriptCaches (125ms)
			SetupLoadedEditorAssemblies (3264ms)
				LogAssemblyErrors (0ms)
				InitializePlatformSupportModulesInManaged (40ms)
				SetLoadedEditorAssemblies (5ms)
				RefreshPlugins (1ms)
				BeforeProcessingInitializeOnLoad (695ms)
				ProcessInitializeOnLoadAttributes (2416ms)
				ProcessInitializeOnLoadMethodAttributes (103ms)
				AfterProcessingInitializeOnLoad (2ms)
				EditorAssembliesLoaded (1ms)
			ExecutionOrderSort2 (0ms)
			AwakeInstancesAfterBackupRestoration (112ms)
Platform modules already initialized, skipping
Refreshing native plugins compatible for Editor in 0.63 ms, found 3 plugins.
Preloading 0 native plugins for Editor in 0.00 ms.
Unloading 2188 Unused Serialized files (Serialized files now loaded: 0)
System memory in use before: 506.4 MB.
System memory in use after: 506.6 MB.

Unloading 17 unused Assets to reduce memory usage. Loaded Objects now: 2742.
Total: 4.280959 ms (FindLiveObjects: 0.308208 ms CreateObjectMapping: 0.161333 ms MarkObjects: 3.763375 ms  DeleteObjects: 0.046333 ms)

AssetImportParameters requested are different than current active one (requested -> active):
  custom:video-decoder-ogg-theora: a1e56fd34408186e4bbccfd4996cb3dc -> 
  custom:container-muxer-webm: aa71ff27fc2769a1b78a27578f13a17b -> 
  custom:container-demuxer-webm: 4f35f7cbe854078d1ac9338744f61a02 -> 
  custom:container-demuxer-ogg: 62fdf1f143b41e24485cea50d1cbac27 -> 
  custom:video-encoder-webm-vp8: eb34c28f22e8b96e1ab97ce403110664 -> 
  custom:framework-osx-AVFoundation: e770b220cccbd017edd2c1fefb359320 -> 
  custom:video-decoder-webm-vp8: 9c59270c3fd7afecdb556c50c9e8de78 -> 
  custom:audio-decoder-ogg-vorbis: bf7c407c2cedff20999df2af8eb42d56 -> 
  custom:audio-encoder-webm-vorbis: bf7c407c2cedff20999df2af8eb42d56 -> 
========================================================================
Received Import Request.
  Time since last request: 458.157441 seconds.
  path: Assets/scripts/GameManager.cs
  artifactKey: Guid(51d3c6af5688747fdab00a89085373e6) Importer(815301076,1909f56bfc062723c751e8b465ee728b)
Start importing Assets/scripts/GameManager.cs using Guid(51d3c6af5688747fdab00a89085373e6) Importer(815301076,1909f56bfc062723c751e8b465ee728b)  -> (artifact id: 'c6051bedfc0de6af9e8f3c8c0b88159e') in 0.159087 seconds 
  Import took 0.320151 seconds .

========================================================================
Received Import Request.
  Time since last request: 49.896997 seconds.
  path: Assets/scripts/GameManager.cs
  artifactKey: Guid(51d3c6af5688747fdab00a89085373e6) Importer(815301076,1909f56bfc062723c751e8b465ee728b)
Start importing Assets/scripts/GameManager.cs using Guid(51d3c6af5688747fdab00a89085373e6) Importer(815301076,1909f56bfc062723c751e8b465ee728b)  -> (artifact id: '9b5f508ce05bea4805e163b796e9f4b9') in 0.013966 seconds 
  Import took 0.091307 seconds .

========================================================================
Received Prepare
Registering precompiled user dll's ...
Registered in 0.007262 seconds.
Begin MonoManager ReloadAssembly
Native extension for WindowsStandalone target not found
Native extension for OSXStandalone target not found
Refreshing native plugins compatible for Editor in 1.80 ms, found 3 plugins.
Preloading 0 native plugins for Editor in 0.00 ms.
2024-11-12 19:10:23.563 Unity[93132:2682615] NSEventModifierFlagFunction specified to -setKeyEquivalentModifierMask: for item <NSMenuItem: 0x7f84eb3a0210 Font Asset, ke='Command-F12'>, but is only supported for system-provided menu items; will not be used
Mono: successfully reloaded assembly
- Completed reload, in  6.840 seconds
Domain Reload Profiling:
	ReloadAssembly (6845ms)
		BeginReloadAssembly (888ms)
			ExecutionOrderSort (0ms)
			DisableScriptedObjects (133ms)
			BackupInstance (0ms)
			ReleaseScriptingObjects (0ms)
			CreateAndSetChildDomain (343ms)
		EndReloadAssembly (5591ms)
			LoadAssemblies (755ms)
			RebuildTransferFunctionScriptingTraits (0ms)
			SetupTypeCache (861ms)
			ReleaseScriptCaches (18ms)
			RebuildScriptCaches (151ms)
			SetupLoadedEditorAssemblies (3104ms)
				LogAssemblyErrors (0ms)
				InitializePlatformSupportModulesInManaged (59ms)
				SetLoadedEditorAssemblies (4ms)
				RefreshPlugins (2ms)
				BeforeProcessingInitializeOnLoad (652ms)
				ProcessInitializeOnLoadAttributes (2198ms)
				ProcessInitializeOnLoadMethodAttributes (186ms)
				AfterProcessingInitializeOnLoad (1ms)
				EditorAssembliesLoaded (1ms)
			ExecutionOrderSort2 (0ms)
			AwakeInstancesAfterBackupRestoration (119ms)
Platform modules already initialized, skipping
Refreshing native plugins compatible for Editor in 0.81 ms, found 3 plugins.
Preloading 0 native plugins for Editor in 0.00 ms.
Unloading 2188 Unused Serialized files (Serialized files now loaded: 0)
System memory in use before: 509.2 MB.
System memory in use after: 509.4 MB.

Unloading 17 unused Assets to reduce memory usage. Loaded Objects now: 2744.
Total: 5.743750 ms (FindLiveObjects: 0.305375 ms CreateObjectMapping: 0.219167 ms MarkObjects: 5.151708 ms  DeleteObjects: 0.065875 ms)

AssetImportParameters requested are different than current active one (requested -> active):
  custom:video-decoder-ogg-theora: a1e56fd34408186e4bbccfd4996cb3dc -> 
  custom:container-muxer-webm: aa71ff27fc2769a1b78a27578f13a17b -> 
  custom:container-demuxer-webm: 4f35f7cbe854078d1ac9338744f61a02 -> 
  custom:container-demuxer-ogg: 62fdf1f143b41e24485cea50d1cbac27 -> 
  custom:video-encoder-webm-vp8: eb34c28f22e8b96e1ab97ce403110664 -> 
  custom:framework-osx-AVFoundation: e770b220cccbd017edd2c1fefb359320 -> 
  custom:video-decoder-webm-vp8: 9c59270c3fd7afecdb556c50c9e8de78 -> 
  custom:audio-decoder-ogg-vorbis: bf7c407c2cedff20999df2af8eb42d56 -> 
  custom:audio-encoder-webm-vorbis: bf7c407c2cedff20999df2af8eb42d56 -> 
========================================================================
Received Import Request.
  Time since last request: 40.729743 seconds.
  path: Assets/scripts/GameManager.cs
  artifactKey: Guid(51d3c6af5688747fdab00a89085373e6) Importer(815301076,1909f56bfc062723c751e8b465ee728b)
Start importing Assets/scripts/GameManager.cs using Guid(51d3c6af5688747fdab00a89085373e6) Importer(815301076,1909f56bfc062723c751e8b465ee728b)  -> (artifact id: '6c53c976d92ef4dbb73b57e3d3cb5b52') in 0.016387 seconds 
  Import took 0.025017 seconds .

========================================================================
Received Import Request.
  Time since last request: 53.976046 seconds.
  path: Assets
  artifactKey: Guid(00000000000000001000000000000000) Importer(815301076,1909f56bfc062723c751e8b465ee728b)
Start importing Assets using Guid(00000000000000001000000000000000) Importer(815301076,1909f56bfc062723c751e8b465ee728b)  -> (artifact id: '42d402b061de3733987d63b9cc3b64de') in 0.009473 seconds 
  Import took 0.086369 seconds .

========================================================================
Received Import Request.
  Time since last request: 331.485439 seconds.
  path: Assets/BotsmaticDemo-MXOr.ttf
  artifactKey: Guid(f3e252acd30ba4c838260dba47000247) Importer(815301076,1909f56bfc062723c751e8b465ee728b)
Start importing Assets/BotsmaticDemo-MXOr.ttf using Guid(f3e252acd30ba4c838260dba47000247) Importer(815301076,1909f56bfc062723c751e8b465ee728b)  -> (artifact id: '8ce3a1cb0bd484ad001d0a54e5a6a72e') in 0.618816 seconds 
  Import took 0.641507 seconds .

========================================================================
Received Import Request.
  Time since last request: 392.834055 seconds.
  path: Assets/flappy-font.ttf
  artifactKey: Guid(4f55e78e5d14a48678be73f79290859a) Importer(815301076,1909f56bfc062723c751e8b465ee728b)
Start importing Assets/flappy-font.ttf using Guid(4f55e78e5d14a48678be73f79290859a) Importer(815301076,1909f56bfc062723c751e8b465ee728b)  -> (artifact id: '0fc4e1b40b712da2c02d7180a3a9cbb9') in 0.115143 seconds 
  Import took 0.141543 seconds .

========================================================================
Received Import Request.
  Time since last request: 157.752288 seconds.
  path: Assets/sprites/message.png
  artifactKey: Guid(3e14a34cbfce14e39a4e5bcc5ee88cbf) Importer(815301076,1909f56bfc062723c751e8b465ee728b)
Start importing Assets/sprites/message.png using Guid(3e14a34cbfce14e39a4e5bcc5ee88cbf) Importer(815301076,1909f56bfc062723c751e8b465ee728b)  -> (artifact id: '81853b07c6cd206110983b903170ea50') in 0.290015 seconds 
  Import took 0.345704 seconds .

========================================================================
Received Import Request.
  Time since last request: 23.504612 seconds.
  path: Assets/sprites/message.png
  artifactKey: Guid(3e14a34cbfce14e39a4e5bcc5ee88cbf) Importer(815301076,1909f56bfc062723c751e8b465ee728b)
Start importing Assets/sprites/message.png using Guid(3e14a34cbfce14e39a4e5bcc5ee88cbf) Importer(815301076,1909f56bfc062723c751e8b465ee728b)  -> (artifact id: 'e7502aed97a4568473753fa001ee3a7b') in 0.051655 seconds 
  Import took 0.075413 seconds .

========================================================================
Received Import Request.
  Time since last request: 53.453265 seconds.
  path: Assets/sprites/message.png
  artifactKey: Guid(3e14a34cbfce14e39a4e5bcc5ee88cbf) Importer(815301076,1909f56bfc062723c751e8b465ee728b)
Start importing Assets/sprites/message.png using Guid(3e14a34cbfce14e39a4e5bcc5ee88cbf) Importer(815301076,1909f56bfc062723c751e8b465ee728b)  -> (artifact id: '6394304596c4fbf9f0f0a4abb37a2acb') in 0.071913 seconds 
  Import took 0.092472 seconds .

========================================================================
Received Import Request.
  Time since last request: 128.007955 seconds.
  path: Assets/sprites/message.png
  artifactKey: Guid(3e14a34cbfce14e39a4e5bcc5ee88cbf) Importer(815301076,1909f56bfc062723c751e8b465ee728b)
Start importing Assets/sprites/message.png using Guid(3e14a34cbfce14e39a4e5bcc5ee88cbf) Importer(815301076,1909f56bfc062723c751e8b465ee728b)  -> (artifact id: 'dea02634976c5a00559c5534cecf1484') in 0.118442 seconds 
  Import took 0.150173 seconds .

